<?xml version="1.0" encoding="UTF-8"?>
<!-- Generated by org.testng.reporters.JUnitReportReporter -->
<testsuite hostname="TAP-5CD204B278" failures="0" tests="4" name="base.BaseTest" time="78.042" errors="0" timestamp="2025-03-26T10:55:35 IST" skipped="0">
  <testcase classname="base.BaseTest" name="orderHistorytest" time="13.325"/>
  <system-out/>
  <testcase classname="base.BaseTest" name="submitOrder" time="27.031"/>
  <system-out/>
  <testcase classname="base.BaseTest" name="submitOrder" time="29.256"/>
  <system-out/>
  <testcase classname="base.BaseTest" name="orderHistorytest" time="8.430"/>
  <system-out/>
</testsuite> <!-- base.BaseTest -->
