<?xml version="1.0" encoding="UTF-8"?>
<!-- Generated by org.testng.reporters.JUnitReportReporter -->
<testsuite hostname="TAP-5CD204B278" failures="0" tests="2" name="base.Errorvalidation" time="48.979" errors="0" timestamp="2025-03-21T19:19:51 IST" skipped="0">
  <testcase classname="base.Errorvalidation" name="Loginvalidation" time="23.992"/>
  <system-out/>
  <testcase classname="base.Errorvalidation" name="Productvalidation" time="24.987"/>
  <system-out/>
</testsuite> <!-- base.Errorvalidation -->
