<?xml version="1.0" encoding="UTF-8"?>
<!-- Generated by org.testng.reporters.JUnitReportReporter -->
<testsuite hostname="TAP-5CD204B278" failures="0" tests="2" name="base.Errorvalidation" time="45.423" errors="0" timestamp="2025-03-26T10:55:35 IST" skipped="0">
  <testcase classname="base.Errorvalidation" name="Loginvalidation" time="15.721"/>
  <system-out/>
  <testcase classname="base.Errorvalidation" name="Productvalidation" time="29.702"/>
  <system-out/>
</testsuite> <!-- base.Errorvalidation -->
