<?xml version="1.0" encoding="UTF-8"?>
<!-- Generated by org.testng.reporters.JUnitReportReporter -->
<testsuite hostname="TAP-5CD204B278" failures="0" tests="1" name="cucumber.TestNGtestRunner" time="24.501" errors="0" timestamp="2025-03-27T18:43:41 IST" skipped="0">
  <testcase classname="cucumber.TestNGtestRunner" name="runScenario" time="24.501"/>
  <system-out/>
</testsuite> <!-- cucumber.TestNGtestRunner -->
